<?xml version="1.0" encoding="UTF-8"?><testrun name="HTMLDocumentTest" project="KSM_Marek_Herde" tests="3" started="3" failures="0" errors="3" ignored="0">
  <testsuite name="de.unikassel.ir.test.HTMLDocumentTest" time="0.426">
    <testcase name="testLinks" classname="de.unikassel.ir.test.HTMLDocumentTest" time="0.285">
      <error>org.jsoup.select.Selector$SelectorParseException: Could not parse query 'img:[alt]': unexpected token at ':[alt]'
	at org.jsoup.select.QueryParser.findElements(QueryParser.java:198)
	at org.jsoup.select.QueryParser.parse(QueryParser.java:65)
	at org.jsoup.select.QueryParser.parse(QueryParser.java:39)
	at org.jsoup.select.Selector.&lt;init&gt;(Selector.java:86)
	at org.jsoup.select.Selector.select(Selector.java:108)
	at org.jsoup.nodes.Element.select(Element.java:296)
	at de.unikassel.ir.vsr.HTMLDocument.read(HTMLDocument.java:60)
	at de.unikassel.ir.test.HTMLDocumentTest.setUp(HTMLDocumentTest.java:31)
	at junit.framework.TestCase.runBare(TestCase.java:139)
	at junit.framework.TestResult$1.protect(TestResult.java:122)
	at junit.framework.TestResult.runProtected(TestResult.java:142)
	at junit.framework.TestResult.run(TestResult.java:125)
	at junit.framework.TestCase.run(TestCase.java:129)
	at junit.framework.TestSuite.runTest(TestSuite.java:252)
	at junit.framework.TestSuite.run(TestSuite.java:247)
	at org.junit.internal.runners.JUnit38ClassRunner.run(JUnit38ClassRunner.java:86)
	at org.eclipse.jdt.internal.junit4.runner.JUnit4TestReference.run(JUnit4TestReference.java:86)
	at org.eclipse.jdt.internal.junit.runner.TestExecution.run(TestExecution.java:38)
	at org.eclipse.jdt.internal.junit.runner.RemoteTestRunner.runTests(RemoteTestRunner.java:459)
	at org.eclipse.jdt.internal.junit.runner.RemoteTestRunner.runTests(RemoteTestRunner.java:678)
	at org.eclipse.jdt.internal.junit.runner.RemoteTestRunner.run(RemoteTestRunner.java:382)
	at org.eclipse.jdt.internal.junit.runner.RemoteTestRunner.main(RemoteTestRunner.java:192)

</error>
    </testcase>
    <testcase name="testTerms" classname="de.unikassel.ir.test.HTMLDocumentTest" time="0.08">
      <error>org.jsoup.select.Selector$SelectorParseException: Could not parse query 'img:[alt]': unexpected token at ':[alt]'
	at org.jsoup.select.QueryParser.findElements(QueryParser.java:198)
	at org.jsoup.select.QueryParser.parse(QueryParser.java:65)
	at org.jsoup.select.QueryParser.parse(QueryParser.java:39)
	at org.jsoup.select.Selector.&lt;init&gt;(Selector.java:86)
	at org.jsoup.select.Selector.select(Selector.java:108)
	at org.jsoup.nodes.Element.select(Element.java:296)
	at de.unikassel.ir.vsr.HTMLDocument.read(HTMLDocument.java:60)
	at de.unikassel.ir.test.HTMLDocumentTest.setUp(HTMLDocumentTest.java:31)
	at junit.framework.TestCase.runBare(TestCase.java:139)
	at junit.framework.TestResult$1.protect(TestResult.java:122)
	at junit.framework.TestResult.runProtected(TestResult.java:142)
	at junit.framework.TestResult.run(TestResult.java:125)
	at junit.framework.TestCase.run(TestCase.java:129)
	at junit.framework.TestSuite.runTest(TestSuite.java:252)
	at junit.framework.TestSuite.run(TestSuite.java:247)
	at org.junit.internal.runners.JUnit38ClassRunner.run(JUnit38ClassRunner.java:86)
	at org.eclipse.jdt.internal.junit4.runner.JUnit4TestReference.run(JUnit4TestReference.java:86)
	at org.eclipse.jdt.internal.junit.runner.TestExecution.run(TestExecution.java:38)
	at org.eclipse.jdt.internal.junit.runner.RemoteTestRunner.runTests(RemoteTestRunner.java:459)
	at org.eclipse.jdt.internal.junit.runner.RemoteTestRunner.runTests(RemoteTestRunner.java:678)
	at org.eclipse.jdt.internal.junit.runner.RemoteTestRunner.run(RemoteTestRunner.java:382)
	at org.eclipse.jdt.internal.junit.runner.RemoteTestRunner.main(RemoteTestRunner.java:192)

</error>
    </testcase>
    <testcase name="testSize" classname="de.unikassel.ir.test.HTMLDocumentTest" time="0.06">
      <error>org.jsoup.select.Selector$SelectorParseException: Could not parse query 'img:[alt]': unexpected token at ':[alt]'
	at org.jsoup.select.QueryParser.findElements(QueryParser.java:198)
	at org.jsoup.select.QueryParser.parse(QueryParser.java:65)
	at org.jsoup.select.QueryParser.parse(QueryParser.java:39)
	at org.jsoup.select.Selector.&lt;init&gt;(Selector.java:86)
	at org.jsoup.select.Selector.select(Selector.java:108)
	at org.jsoup.nodes.Element.select(Element.java:296)
	at de.unikassel.ir.vsr.HTMLDocument.read(HTMLDocument.java:60)
	at de.unikassel.ir.test.HTMLDocumentTest.setUp(HTMLDocumentTest.java:31)
	at junit.framework.TestCase.runBare(TestCase.java:139)
	at junit.framework.TestResult$1.protect(TestResult.java:122)
	at junit.framework.TestResult.runProtected(TestResult.java:142)
	at junit.framework.TestResult.run(TestResult.java:125)
	at junit.framework.TestCase.run(TestCase.java:129)
	at junit.framework.TestSuite.runTest(TestSuite.java:252)
	at junit.framework.TestSuite.run(TestSuite.java:247)
	at org.junit.internal.runners.JUnit38ClassRunner.run(JUnit38ClassRunner.java:86)
	at org.eclipse.jdt.internal.junit4.runner.JUnit4TestReference.run(JUnit4TestReference.java:86)
	at org.eclipse.jdt.internal.junit.runner.TestExecution.run(TestExecution.java:38)
	at org.eclipse.jdt.internal.junit.runner.RemoteTestRunner.runTests(RemoteTestRunner.java:459)
	at org.eclipse.jdt.internal.junit.runner.RemoteTestRunner.runTests(RemoteTestRunner.java:678)
	at org.eclipse.jdt.internal.junit.runner.RemoteTestRunner.run(RemoteTestRunner.java:382)
	at org.eclipse.jdt.internal.junit.runner.RemoteTestRunner.main(RemoteTestRunner.java:192)

</error>
    </testcase>
  </testsuite>
</testrun>
